<?xml version="1.0" encoding="UTF-8" ?>
<results>
    <error file="main.cpp" line="50" id="unreadVariable" severity="style" msg="Variable &apos;timeInsertSortTuple&apos; is assigned a value that is never used." />
    <error file="main.cpp" line="51" id="unreadVariable" severity="style" msg="Variable &apos;timeInsert&apos; is assigned a value that is never used." />
    <error file="main.cpp" line="52" id="unreadVariable" severity="style" msg="Variable &apos;numberOfTasks&apos; is assigned a value that is never used." />
    <error file="include\Sort.h" line="11" id="noCopyConstructor" severity="style" msg="&apos;class Sort&apos; does not have a copy constructor which is recommended since the class contains a pointer to allocated memory." />
    <error file="include\Timer.h" line="12" id="unusedFunction" severity="style" msg="The function &apos;measure&apos; is never used." />
    <error file="src\Sort.cpp" line="46" id="unusedFunction" severity="style" msg="The function &apos;print&apos; is never used." />
    <error id="missingIncludeSystem" severity="style" msg="Cppcheck cannot find all the include files. Cppcheck can check the code without the include files found. But the results will probably be more accurate if all the include files are found. Please check your project&apos;s include directories and add all of them as include directories for Cppcheck. To see what files Cppcheck cannot find use --check-config." />
</results>
